This file contains any messages produced by compilers while
running configure, to aid debugging if configure makes a mistake.

It was created by configure, which was
generated by GNU Autoconf 2.61.  Invocation command line was

  $ ./configure 

## --------- ##
## Platform. ##
## --------- ##

hostname = dhcp-office-44.tagged.com
uname -m = x86_64
uname -r = 11.3.0
uname -s = Darwin
uname -v = Darwin Kernel Version 11.3.0: Thu Jan 12 18:47:41 PST 2012; root:xnu-1699.24.23~1/RELEASE_X86_64

/usr/bin/uname -p = i386
/bin/uname -X     = unknown

/bin/arch              = unknown
/usr/bin/arch -k       = unknown
/usr/convex/getsysinfo = unknown
/usr/bin/hostinfo      = Mach kernel version:
	 Darwin Kernel Version 11.3.0: Thu Jan 12 18:47:41 PST 2012; root:xnu-1699.24.23~1/RELEASE_X86_64
Kernel configured for up to 8 processors.
4 processors are physically available.
8 processors are logically available.
Processor type: i486 (Intel 80486)
Processors active: 0 1 2 3 4 5 6 7
Primary memory available: 8.00 gigabytes
Default processor set: 137 tasks, 673 threads, 8 processors
Load average: 4.89, Mach factor: 3.10
/bin/machine           = unknown
/usr/bin/oslevel       = unknown
/bin/universe          = unknown

PATH: /usr/bin
PATH: /bin
PATH: /usr/sbin
PATH: /sbin
PATH: /usr/local/bin
PATH: /usr/X11/bin


## ----------- ##
## Core tests. ##
## ----------- ##

configure:1891: checking for grep that handles long lines and -e
configure:1965: result: /usr/bin/grep
configure:1970: checking for egrep
configure:2048: result: /usr/bin/grep -E
configure:2053: checking for a sed that does not truncate output
configure:2107: result: /usr/bin/sed
configure:2239: checking for cc
configure:2255: found /usr/bin/cc
configure:2266: result: cc
configure:2302: checking for C compiler version
configure:2309: cc --version >&5
i686-apple-darwin11-llvm-gcc-4.2 (GCC) 4.2.1 (Based on Apple Inc. build 5658) (LLVM build 2335.15.00)
Copyright (C) 2007 Free Software Foundation, Inc.
This is free software; see the source for copying conditions.  There is NO
warranty; not even for MERCHANTABILITY or FITNESS FOR A PARTICULAR PURPOSE.

configure:2312: $? = 0
configure:2319: cc -v >&5
Using built-in specs.
Target: i686-apple-darwin11
Configured with: /private/var/tmp/llvmgcc42/llvmgcc42-2335.15~25/src/configure --disable-checking --enable-werror --prefix=/Developer/usr/llvm-gcc-4.2 --mandir=/share/man --enable-languages=c,objc,c++,obj-c++ --program-prefix=llvm- --program-transform-name=/^[cg][^.-]*$/s/$/-4.2/ --with-slibdir=/usr/lib --build=i686-apple-darwin11 --enable-llvm=/private/var/tmp/llvmgcc42/llvmgcc42-2335.15~25/dst-llvmCore/Developer/usr/local --program-prefix=i686-apple-darwin11- --host=x86_64-apple-darwin11 --target=i686-apple-darwin11 --with-gxx-include-dir=/usr/include/c++/4.2.1
Thread model: posix
gcc version 4.2.1 (Based on Apple Inc. build 5658) (LLVM build 2335.15.00)
configure:2322: $? = 0
configure:2329: cc -V >&5
llvm-gcc-4.2: argument to `-V' is missing
configure:2332: $? = 1
configure:2355: checking for C compiler default output file name
configure:2382: cc    conftest.c  >&5
configure:2385: $? = 0
configure:2423: result: a.out
configure:2440: checking whether the C compiler works
configure:2450: ./a.out
configure:2453: $? = 0
configure:2470: result: yes
configure:2477: checking whether we are cross compiling
configure:2479: result: no
configure:2482: checking for suffix of executables
configure:2489: cc -o conftest    conftest.c  >&5
configure:2492: $? = 0
configure:2516: result: 
configure:2522: checking for suffix of object files
configure:2548: cc -c   conftest.c >&5
configure:2551: $? = 0
configure:2574: result: o
configure:2578: checking whether we are using the GNU C compiler
configure:2607: cc -c   conftest.c >&5
configure:2613: $? = 0
configure:2630: result: yes
configure:2635: checking whether cc accepts -g
configure:2665: cc -c -g  conftest.c >&5
configure:2671: $? = 0
configure:2770: result: yes
configure:2787: checking for cc option to accept ISO C89
configure:2861: cc  -c -g -O2  conftest.c >&5
configure:2867: $? = 0
configure:2890: result: none needed
configure:2914: checking how to run the C preprocessor
configure:2954: cc -E  conftest.c
configure:2960: $? = 0
configure:2991: cc -E  conftest.c
conftest.c:8:28: error: ac_nonexistent.h: No such file or directory
configure:2997: $? = 1
configure: failed program was:
| /* confdefs.h.  */
| #define PACKAGE_NAME ""
| #define PACKAGE_TARNAME ""
| #define PACKAGE_VERSION ""
| #define PACKAGE_STRING ""
| #define PACKAGE_BUGREPORT ""
| /* end confdefs.h.  */
| #include <ac_nonexistent.h>
configure:3030: result: cc -E
configure:3059: cc -E  conftest.c
configure:3065: $? = 0
configure:3096: cc -E  conftest.c
conftest.c:8:28: error: ac_nonexistent.h: No such file or directory
configure:3102: $? = 1
configure: failed program was:
| /* confdefs.h.  */
| #define PACKAGE_NAME ""
| #define PACKAGE_TARNAME ""
| #define PACKAGE_VERSION ""
| #define PACKAGE_STRING ""
| #define PACKAGE_BUGREPORT ""
| /* end confdefs.h.  */
| #include <ac_nonexistent.h>
configure:3142: checking for icc
configure:3155: result: no
configure:3169: checking for suncc
configure:3182: result: no
configure:3200: checking whether cc understands -c and -o together
configure:3232: cc -c conftest.c -o conftest2.o >&5
configure:3235: $? = 0
configure:3241: cc -c conftest.c -o conftest2.o >&5
configure:3244: $? = 0
configure:3296: result: yes
configure:3312: checking for system library directory
configure:3327: result: lib
configure:3334: checking if compiler supports -R
configure:3363: cc -o conftest -g -O2   conftest.c -R /usr/lib  >&5
ld: in /usr/lib, can't map file, errno=22 for architecture x86_64
collect2: ld returned 1 exit status
configure:3369: $? = 1
configure: failed program was:
| /* confdefs.h.  */
| #define PACKAGE_NAME ""
| #define PACKAGE_TARNAME ""
| #define PACKAGE_VERSION ""
| #define PACKAGE_STRING ""
| #define PACKAGE_BUGREPORT ""
| /* end confdefs.h.  */
| 
| int
| main ()
| {
| 
|   ;
|   return 0;
| }
configure:3388: result: no
configure:3393: checking if compiler supports -Wl,-rpath,
configure:3422: cc -o conftest -g -O2   conftest.c -Wl,-rpath,/usr/lib  >&5
configure:3428: $? = 0
configure:3447: result: yes
configure:3496: checking build system type
configure:3514: result: i386-apple-darwin11.3.0
configure:3536: checking host system type
configure:3551: result: i386-apple-darwin11.3.0
configure:3573: checking target system type
configure:3588: result: i386-apple-darwin11.3.0
configure:3697: checking for PHP prefix
configure:3699: result: /usr
configure:3701: checking for PHP includes
configure:3703: result: -I/usr/include/php -I/usr/include/php/main -I/usr/include/php/TSRM -I/usr/include/php/Zend -I/usr/include/php/ext -I/usr/include/php/ext/date/lib
configure:3705: checking for PHP extension directory
configure:3707: result: /usr/lib/php/extensions/no-debug-non-zts-20090626
configure:3709: checking for PHP installed headers prefix
configure:3711: result: /usr/include/php
configure:3714: checking if debug is enabled
configure:3744: result: no
configure:3747: checking if zts is enabled
configure:3777: result: no
configure:3851: checking for re2c
configure:3867: found /usr/local/bin/re2c
configure:3878: result: re2c
configure:3887: checking for re2c version
configure:3901: result: 0.13.5 (ok)
configure:3920: checking for gawk
configure:3951: result: no
configure:3920: checking for nawk
configure:3951: result: no
configure:3920: checking for awk
configure:3937: found /usr/bin/awk
configure:3948: result: awk
configure:3973: checking if awk is broken
configure:3982: result: no
configure:3996: checking whether to enable nodephp support
configure:4035: result: yes, shared
configure:4496: checking for ld used by cc
configure:4563: result: /usr/llvm-gcc-4.2/libexec/gcc/i686-apple-darwin11/4.2.1/ld
configure:4572: checking if the linker (/usr/llvm-gcc-4.2/libexec/gcc/i686-apple-darwin11/4.2.1/ld) is GNU ld
configure:4587: result: no
configure:4592: checking for /usr/llvm-gcc-4.2/libexec/gcc/i686-apple-darwin11/4.2.1/ld option to reload object files
configure:4599: result: -r
configure:4617: checking for BSD-compatible nm
configure:4666: result: /usr/bin/nm
configure:4670: checking whether ln -s works
configure:4674: result: yes
configure:4681: checking how to recognize dependent libraries
configure:4867: result: pass_all
configure:5104: checking for ANSI C header files
configure:5134: cc -c -g -O2  conftest.c >&5
configure:5140: $? = 0
configure:5239: cc -o conftest -g -O2   conftest.c  >&5
configure:5242: $? = 0
configure:5248: ./conftest
configure:5251: $? = 0
configure:5268: result: yes
configure:5292: checking for sys/types.h
configure:5313: cc -c -g -O2  conftest.c >&5
configure:5319: $? = 0
configure:5335: result: yes
configure:5292: checking for sys/stat.h
configure:5313: cc -c -g -O2  conftest.c >&5
configure:5319: $? = 0
configure:5335: result: yes
configure:5292: checking for stdlib.h
configure:5313: cc -c -g -O2  conftest.c >&5
configure:5319: $? = 0
configure:5335: result: yes
configure:5292: checking for string.h
configure:5313: cc -c -g -O2  conftest.c >&5
configure:5319: $? = 0
configure:5335: result: yes
configure:5292: checking for memory.h
configure:5313: cc -c -g -O2  conftest.c >&5
configure:5319: $? = 0
configure:5335: result: yes
configure:5292: checking for strings.h
configure:5313: cc -c -g -O2  conftest.c >&5
configure:5319: $? = 0
configure:5335: result: yes
configure:5292: checking for inttypes.h
configure:5313: cc -c -g -O2  conftest.c >&5
configure:5319: $? = 0
configure:5335: result: yes
configure:5292: checking for stdint.h
configure:5313: cc -c -g -O2  conftest.c >&5
configure:5319: $? = 0
configure:5335: result: yes
configure:5292: checking for unistd.h
configure:5313: cc -c -g -O2  conftest.c >&5
configure:5319: $? = 0
configure:5335: result: yes
configure:5362: checking dlfcn.h usability
configure:5379: cc -c -g -O2  conftest.c >&5
configure:5385: $? = 0
configure:5399: result: yes
configure:5403: checking dlfcn.h presence
configure:5418: cc -E  conftest.c
configure:5424: $? = 0
configure:5438: result: yes
configure:5466: checking for dlfcn.h
configure:5474: result: yes
configure:5499: checking the maximum length of command line arguments
configure:5611: result: 196608
configure:5623: checking command to parse /usr/bin/nm output from cc object
configure:5728: cc -c -g -O2  conftest.c >&5
configure:5731: $? = 0
configure:5735: /usr/bin/nm conftest.o \| sed -n -e 's/^.*[ 	]\([BCDEGRST][BCDEGRST]*\)[ 	][ 	]*\([_A-Za-z][_A-Za-z0-9]*\)$/\1 \2 \2/p' \> conftest.nm
configure:5738: $? = 0
cannot find nm_test_var in conftest.nm
configure:5728: cc -c -g -O2  conftest.c >&5
configure:5731: $? = 0
configure:5735: /usr/bin/nm conftest.o \| sed -n -e 's/^.*[ 	]\([BCDEGRST][BCDEGRST]*\)[ 	][ 	]*_\([_A-Za-z][_A-Za-z0-9]*\)$/\1 _\2 \2/p' \> conftest.nm
configure:5738: $? = 0
configure:5790: cc -o conftest -g -O2   conftest.c conftstm.o >&5
configure:5793: $? = 0
configure:5831: result: ok
configure:5835: checking for objdir
configure:5850: result: .libs
configure:5942: checking for ar
configure:5958: found /usr/bin/ar
configure:5969: result: ar
configure:6038: checking for ranlib
configure:6054: found /usr/bin/ranlib
configure:6065: result: ranlib
configure:6134: checking for strip
configure:6150: found /usr/bin/strip
configure:6161: result: strip
configure:6418: checking for dsymutil
configure:6434: found /usr/bin/dsymutil
configure:6445: result: dsymutil
configure:6514: checking for nmedit
configure:6530: found /usr/bin/nmedit
configure:6541: result: nmedit
configure:6568: checking for -single_module linker flag
configure:6589: result: yes
configure:6591: checking for -exported_symbols_list linker flag
configure:6607: cc -o conftest -g -O2   -Wl,-exported_symbols_list,conftest.sym conftest.c  >&5
configure:6610: $? = 0
configure:6624: result: yes
configure:6742: checking if cc supports -fno-rtti -fno-exceptions
configure:6760: cc -c -g -O2  -fno-rtti -fno-exceptions conftest.c >&5
cc1: warning: command line option "-fno-rtti" is valid for C++/ObjC++ but not for C
configure:6764: $? = 0
configure:6777: result: no
configure:6792: checking for cc option to produce PIC
configure:7032: result: -fno-common
configure:7040: checking if cc PIC flag -fno-common works
configure:7058: cc -c -g -O2  -fno-common -DPIC conftest.c >&5
configure:7062: $? = 0
configure:7075: result: yes
configure:7103: checking if cc static flag -static works
configure:7131: result: no
configure:7141: checking if cc supports -c -o file.o
configure:7162: cc -c -g -O2  -o out/conftest2.o conftest.c >&5
configure:7166: $? = 0
configure:7188: result: yes
configure:7214: checking whether the cc linker (/usr/llvm-gcc-4.2/libexec/gcc/i686-apple-darwin11/4.2.1/ld) supports shared libraries
configure:8146: result: yes
configure:8213: checking dynamic linker characteristics
configure:8815: result: darwin11.3.0 dyld
configure:8839: checking how to hardcode library paths into programs
configure:8864: result: immediate
configure:8878: checking whether stripping libraries is possible
configure:8892: result: yes
configure:9685: checking if libtool supports shared libraries
configure:9687: result: yes
configure:9690: checking whether to build shared libraries
configure:9711: result: yes
configure:9714: checking whether to build static libraries
configure:9718: result: no
configure:9813: result:
creating libtool
configure:13512: creating ./config.status

## ---------------------- ##
## Running config.status. ##
## ---------------------- ##

This file was extended by config.status, which was
generated by GNU Autoconf 2.61.  Invocation command line was

  CONFIG_FILES    = 
  CONFIG_HEADERS  = 
  CONFIG_LINKS    = 
  CONFIG_COMMANDS = 
  $ ./config.status 

on dhcp-office-44.tagged.com

config.status:515: creating config.h
config.status:663: config.h is unchanged

## ---------------- ##
## Cache variables. ##
## ---------------- ##

ac_cv_build=i386-apple-darwin11.3.0
ac_cv_c_compiler_gnu=yes
ac_cv_env_CC_set=
ac_cv_env_CC_value=
ac_cv_env_CFLAGS_set=
ac_cv_env_CFLAGS_value=
ac_cv_env_CPPFLAGS_set=
ac_cv_env_CPPFLAGS_value=
ac_cv_env_CPP_set=
ac_cv_env_CPP_value=
ac_cv_env_LDFLAGS_set=
ac_cv_env_LDFLAGS_value=
ac_cv_env_LIBS_set=
ac_cv_env_LIBS_value=
ac_cv_env_build_alias_set=
ac_cv_env_build_alias_value=
ac_cv_env_host_alias_set=
ac_cv_env_host_alias_value=
ac_cv_env_target_alias_set=
ac_cv_env_target_alias_value=
ac_cv_header_dlfcn_h=yes
ac_cv_header_inttypes_h=yes
ac_cv_header_memory_h=yes
ac_cv_header_stdc=yes
ac_cv_header_stdint_h=yes
ac_cv_header_stdlib_h=yes
ac_cv_header_string_h=yes
ac_cv_header_strings_h=yes
ac_cv_header_sys_stat_h=yes
ac_cv_header_sys_types_h=yes
ac_cv_header_unistd_h=yes
ac_cv_host=i386-apple-darwin11.3.0
ac_cv_objext=o
ac_cv_path_EGREP='/usr/bin/grep -E'
ac_cv_path_GREP=/usr/bin/grep
ac_cv_prog_AWK=awk
ac_cv_prog_CPP='cc -E'
ac_cv_prog_RE2C=re2c
ac_cv_prog_ac_ct_AR=ar
ac_cv_prog_ac_ct_CC=cc
ac_cv_prog_ac_ct_DSYMUTIL=dsymutil
ac_cv_prog_ac_ct_NMEDIT=nmedit
ac_cv_prog_ac_ct_RANLIB=ranlib
ac_cv_prog_ac_ct_STRIP=strip
ac_cv_prog_cc_c89=
ac_cv_prog_cc_cc_c_o=yes
ac_cv_prog_cc_g=yes
ac_cv_target=i386-apple-darwin11.3.0
lt_cv_apple_cc_single_mod=yes
lt_cv_deplibs_check_method=pass_all
lt_cv_file_magic_cmd='$MAGIC_CMD'
lt_cv_file_magic_test_file=
lt_cv_ld_exported_symbols_list=yes
lt_cv_ld_reload_flag=-r
lt_cv_objdir=.libs
lt_cv_path_LD=/usr/llvm-gcc-4.2/libexec/gcc/i686-apple-darwin11/4.2.1/ld
lt_cv_path_NM=/usr/bin/nm
lt_cv_path_SED=/usr/bin/sed
lt_cv_prog_compiler_c_o=yes
lt_cv_prog_compiler_pic_works=yes
lt_cv_prog_compiler_rtti_exceptions=no
lt_cv_prog_compiler_static_works=no
lt_cv_prog_gnu_ld=no
lt_cv_sys_global_symbol_pipe='sed -n -e '\''s/^.*[ 	]\([BCDEGRST][BCDEGRST]*\)[ 	][ 	]*_\([_A-Za-z][_A-Za-z0-9]*\)$/\1 _\2 \2/p'\'''
lt_cv_sys_global_symbol_to_c_name_address='sed -n -e '\''s/^: \([^ ]*\) $/  {\"\1\", (lt_ptr) 0},/p'\'' -e '\''s/^[BCDEGRST] \([^ ]*\) \([^ ]*\)$/  {"\2", (lt_ptr) \&\2},/p'\'''
lt_cv_sys_global_symbol_to_cdecl='sed -n -e '\''s/^. .* \(.*\)$/extern int \1;/p'\'''
lt_cv_sys_lib_dlsearch_path_spec='/usr/local/lib /lib /usr/lib'
lt_cv_sys_lib_search_path_spec='/usr/llvm-gcc-4.2/lib/gcc/i686-apple-darwin11/4.2.1/x86_64 /Developer/usr/llvm-gcc-4.2/lib/gcc/i686-apple-darwin11/4.2.1/x86_64 /usr/lib/gcc/i686-apple-darwin11/4.2.1/x86_64 /usr/lib/i686-apple-darwin11/4.2.1 /usr/lib /usr/llvm-gcc-4.2/lib/gcc /usr/llvm-gcc-4.2/lib /Developer/usr/llvm-gcc-4.2/lib /usr/local/lib'
lt_cv_sys_max_cmd_len=196608
lt_lt_cv_prog_compiler_c_o='"yes"'
lt_lt_cv_sys_global_symbol_pipe='"sed -n -e '\''s/^.*[ 	]\\([BCDEGRST][BCDEGRST]*\\)[ 	][ 	]*_\\([_A-Za-z][_A-Za-z0-9]*\\)\$/\\1 _\\2 \\2/p'\''"'
lt_lt_cv_sys_global_symbol_to_c_name_address='"sed -n -e '\''s/^: \\([^ ]*\\) \$/  {\\\"\\1\\\", (lt_ptr) 0},/p'\'' -e '\''s/^[BCDEGRST] \\([^ ]*\\) \\([^ ]*\\)\$/  {\"\\2\", (lt_ptr) \\&\\2},/p'\''"'
lt_lt_cv_sys_global_symbol_to_cdecl='"sed -n -e '\''s/^. .* \\(.*\\)\$/extern int \\1;/p'\''"'
php_cv_cc_dashr=no
php_cv_cc_rpath=yes
php_cv_re2c_version='0.13.5 (ok)'

## ----------------- ##
## Output variables. ##
## ----------------- ##

AR='ar'
AWK='awk'
CC='cc'
CFLAGS='-g -O2'
CONFIGURE_COMMAND=' '\''./configure'\'' '
CONFIGURE_OPTIONS=''
CPP='cc -E'
CPPFLAGS=' -DHAVE_CONFIG_H'
DEFS='-DHAVE_CONFIG_H'
DSYMUTIL='dsymutil'
ECHO='/bin/echo'
ECHO_C='ECHO_N=''
ECHO_T=''
EGREP='/usr/bin/grep -E'
EXEEXT=''
GREP='/usr/bin/grep'
LDFLAGS=''
LIBOBJS=''
LIBS=''
LIBTOOL='$(SHELL) $(top_builddir)/libtool'
LN_S='ln -s'
LTLIBOBJS=''
NMEDIT='nmedit'
OBJEXT='o'
PACKAGE_BUGREPORT=''
PACKAGE_NAME=''
PACKAGE_STRING=''
PACKAGE_TARNAME=''
PACKAGE_VERSION=''
PATH_SEPARATOR=':'
RANLIB='ranlib'
RE2C='re2c'
SED='/usr/bin/sed'
SHELL='/bin/sh'
SHLIB_DL_SUFFIX_NAME='so'
SHLIB_SUFFIX_NAME='dylib'
STRIP='strip'
ac_ct_CC='cc'
bindir='${exec_prefix}/bin'
build='i386-apple-darwin11.3.0'
build_alias=''
build_cpu='i386'
build_os='darwin11.3.0'
build_vendor='apple'
datadir='${datarootdir}'
datarootdir='${prefix}/share'
docdir='${datarootdir}/doc/${PACKAGE}'
dvidir='${docdir}'
exec_prefix='$(prefix)'
host='i386-apple-darwin11.3.0'
host_alias='i386-apple-darwin11.3.0'
host_cpu='i386'
host_os='darwin11.3.0'
host_vendor='apple'
htmldir='${docdir}'
includedir='${prefix}/include'
infodir='${datarootdir}/info'
libdir='${exec_prefix}/lib'
libexecdir='${exec_prefix}/libexec'
localedir='${datarootdir}/locale'
localstatedir='${prefix}/var'
mandir='${datarootdir}/man'
oldincludedir='/usr/include'
pdfdir='${docdir}'
prefix='/usr'
program_transform_name='s,x,x,'
psdir='${docdir}'
sbindir='${exec_prefix}/sbin'
sharedstatedir='${prefix}/com'
sysconfdir='${prefix}/etc'
target='i386-apple-darwin11.3.0'
target_alias=''
target_cpu='i386'
target_os='darwin11.3.0'
target_vendor='apple'

## ----------- ##
## confdefs.h. ##
## ----------- ##

#define PACKAGE_NAME ""
#define PACKAGE_TARNAME ""
#define PACKAGE_VERSION ""
#define PACKAGE_STRING ""
#define PACKAGE_BUGREPORT ""
#define COMPILE_DL_NODEPHP 1
#define STDC_HEADERS 1
#define HAVE_SYS_TYPES_H 1
#define HAVE_SYS_STAT_H 1
#define HAVE_STDLIB_H 1
#define HAVE_STRING_H 1
#define HAVE_MEMORY_H 1
#define HAVE_STRINGS_H 1
#define HAVE_INTTYPES_H 1
#define HAVE_STDINT_H 1
#define HAVE_UNISTD_H 1
#define HAVE_DLFCN_H 1

configure: exit 0
